Unknown subject: Добро пожаловать в Mail.ru!
Unknown subject: Попробуйте приложение Mail.ru
Unknown subject: Темы, колонки и компактный режим
Unknown subject: Как защитить аккаунт
Unknown subject:  Олег, ваш заказ принят!
Unknown subject: В аккаунт пытаются войти
Unknown subject: Please confirm your NI user account
Unknown subject: Ваш почтовый ящик
Unknown subject: Ваш почтовый ящик
Unknown subject: Добавлен номер телефона +7 (993) 898-**-** в аккаунте
Unknown subject: Включена двухфакторная аутентификация в аккаунте
Unknown subject: Добро пожаловать в Mail.ru!
Unknown subject: Попробуйте приложение Mail.ru
Unknown subject: Темы, колонки и компактный режим
Unknown subject: Как защитить аккаунт
Unknown subject:  Олег, ваш заказ принят!
Unknown subject: В аккаунт пытаются войти
Unknown subject: Please confirm your NI user account
Unknown subject: Ваш почтовый ящик
Unknown subject: Ваш почтовый ящик
Unknown subject: Добавлен номер телефона +7 (993) 898-**-** в аккаунте
Unknown subject: Включена двухфакторная аутентификация в аккаунте
Unknown subject: Добро пожаловать в Mail.ru!
Unknown subject: Попробуйте приложение Mail.ru
Unknown subject: Темы, колонки и компактный режим
Unknown subject: Как защитить аккаунт
Unknown subject:  Олег, ваш заказ принят!
Unknown subject: В аккаунт пытаются войти
Unknown subject: Please confirm your NI user account
Unknown subject: Ваш почтовый ящик
Unknown subject: Ваш почтовый ящик
Unknown subject: Добавлен номер телефона +7 (993) 898-**-** в аккаунте
Unknown subject: Включена двухфакторная аутентификация в аккаунте
Unknown subject: Добро пожаловать в Mail.ru!
Unknown subject: Попробуйте приложение Mail.ru
Unknown subject: Темы, колонки и компактный режим
Unknown subject: Как защитить аккаунт
Unknown subject:  Олег, ваш заказ принят!
Unknown subject: В аккаунт пытаются войти
Unknown subject: Please confirm your NI user account
Unknown subject: Ваш почтовый ящик
Unknown subject: Ваш почтовый ящик
Unknown subject: Добавлен номер телефона +7 (993) 898-**-** в аккаунте
Unknown subject: Включена двухфакторная аутентификация в аккаунте
Unknown subject: Добро пожаловать в Mail.ru!
Unknown subject: Попробуйте приложение Mail.ru
Unknown subject: Темы, колонки и компактный режим
Unknown subject: Как защитить аккаунт
Unknown subject:  Олег, ваш заказ принят!
Unknown subject: В аккаунт пытаются войти
Unknown subject: Please confirm your NI user account
Unknown subject: Ваш почтовый ящик
Unknown subject: Ваш почтовый ящик
Unknown subject: Добавлен номер телефона +7 (993) 898-**-** в аккаунте
Unknown subject: Включена двухфакторная аутентификация в аккаунте
Unknown subject: Добро пожаловать в Mail.ru!
Unknown subject: Попробуйте приложение Mail.ru
Unknown subject: Темы, колонки и компактный режим
Unknown subject: Как защитить аккаунт
Unknown subject:  Олег, ваш заказ принят!
Unknown subject: В аккаунт пытаются войти
Unknown subject: Please confirm your NI user account
Unknown subject: Ваш почтовый ящик
Unknown subject: Ваш почтовый ящик
Unknown subject: Добавлен номер телефона +7 (993) 898-**-** в аккаунте
Unknown subject: Включена двухфакторная аутентификация в аккаунте
Unknown subject: Добро пожаловать в Mail.ru!
Unknown subject: Попробуйте приложение Mail.ru
Unknown subject: Темы, колонки и компактный режим
Unknown subject: Как защитить аккаунт
Unknown subject:  Олег, ваш заказ принят!
Unknown subject: В аккаунт пытаются войти
Unknown subject: Please confirm your NI user account
Unknown subject: Ваш почтовый ящик
Unknown subject: Ваш почтовый ящик
Unknown subject: Добавлен номер телефона +7 (993) 898-**-** в аккаунте
Unknown subject: Включена двухфакторная аутентификация в аккаунте
Unknown subject: Добро пожаловать в Mail.ru!
Unknown subject: Попробуйте приложение Mail.ru
Unknown subject: Темы, колонки и компактный режим
Unknown subject: Как защитить аккаунт
Unknown subject:  Олег, ваш заказ принят!
Unknown subject: В аккаунт пытаются войти
Unknown subject: Please confirm your NI user account
Unknown subject: Ваш почтовый ящик
Unknown subject: Ваш почтовый ящик
Unknown subject: Добавлен номер телефона +7 (993) 898-**-** в аккаунте
Unknown subject: Включена двухфакторная аутентификация в аккаунте
Unknown subject: Добро пожаловать в Mail.ru!
Unknown subject: Попробуйте приложение Mail.ru
Unknown subject: Темы, колонки и компактный режим
Unknown subject: Как защитить аккаунт
Unknown subject:  Олег, ваш заказ принят!
Unknown subject: В аккаунт пытаются войти
Unknown subject: Please confirm your NI user account
Unknown subject: Ваш почтовый ящик
Unknown subject: Ваш почтовый ящик
Unknown subject: Добавлен номер телефона +7 (993) 898-**-** в аккаунте
Unknown subject: Включена двухфакторная аутентификация в аккаунте
Unknown subject: Добро пожаловать в Mail.ru!
Unknown subject: Попробуйте приложение Mail.ru
Unknown subject: Темы, колонки и компактный режим
Unknown subject: Как защитить аккаунт
Unknown subject:  Олег, ваш заказ принят!
Unknown subject: В аккаунт пытаются войти
Unknown subject: Please confirm your NI user account
Unknown subject: Ваш почтовый ящик
Unknown subject: Ваш почтовый ящик
Unknown subject: Добавлен номер телефона +7 (993) 898-**-** в аккаунте
Unknown subject: Включена двухфакторная аутентификация в аккаунте
Unknown subject: Добро пожаловать в Mail.ru!
Unknown subject: Попробуйте приложение Mail.ru
Unknown subject: Темы, колонки и компактный режим
Unknown subject: Как защитить аккаунт
Unknown subject:  Олег, ваш заказ принят!
Unknown subject: В аккаунт пытаются войти
Unknown subject: Please confirm your NI user account
Unknown subject: Ваш почтовый ящик
Unknown subject: Ваш почтовый ящик
Unknown subject: Добавлен номер телефона +7 (993) 898-**-** в аккаунте
Unknown subject: Включена двухфакторная аутентификация в аккаунте
Unknown subject: Добро пожаловать в Mail.ru!
Unknown subject: Попробуйте приложение Mail.ru
Unknown subject: Темы, колонки и компактный режим
Unknown subject: Как защитить аккаунт
Unknown subject:  Олег, ваш заказ принят!
Unknown subject: В аккаунт пытаются войти
Unknown subject: Please confirm your NI user account
Unknown subject: Ваш почтовый ящик
Unknown subject: Ваш почтовый ящик
Unknown subject: Добавлен номер телефона +7 (993) 898-**-** в аккаунте
Unknown subject: Включена двухфакторная аутентификация в аккаунте
Unknown subject: Добро пожаловать в Mail.ru!
Unknown subject: Попробуйте приложение Mail.ru
Unknown subject: Темы, колонки и компактный режим
Unknown subject: Как защитить аккаунт
Unknown subject:  Олег, ваш заказ принят!
Unknown subject: В аккаунт пытаются войти
Unknown subject: Please confirm your NI user account
Unknown subject: Ваш почтовый ящик
Unknown subject: Ваш почтовый ящик
Unknown subject: Добавлен номер телефона +7 (993) 898-**-** в аккаунте
Unknown subject: Включена двухфакторная аутентификация в аккаунте
Unknown subject: Добро пожаловать в Mail.ru!
Unknown subject: Попробуйте приложение Mail.ru
Unknown subject: Темы, колонки и компактный режим
Unknown subject: Как защитить аккаунт
Unknown subject:  Олег, ваш заказ принят!
Unknown subject: В аккаунт пытаются войти
Unknown subject: Please confirm your NI user account
Unknown subject: Ваш почтовый ящик
Unknown subject: Ваш почтовый ящик
Unknown subject: Добавлен номер телефона +7 (993) 898-**-** в аккаунте
Unknown subject: Включена двухфакторная аутентификация в аккаунте
